-------------------------------------------------------------------------------
Test set: com.uregina.app.PatientHistogramTest
-------------------------------------------------------------------------------
Tests run: 10, Failures: 1, Errors: 0, Skipped: 0, Time elapsed: 0.003 s <<< FAILURE! - in com.uregina.app.PatientHistogramTest
should_NotAdd_False  Time elapsed: 0.001 s  <<< FAILURE!
java.lang.AssertionError
	at com.uregina.app.PatientHistogramTest.should_NotAdd_False(PatientHistogramTest.java:50)

